2026-01-16 15:01:37,582 - INFO - Starting Fortress Discovery Audit at 2026-01-16 15:01:37...
2026-01-16 15:01:37,591 - INFO - Fetching Benchmarks (Cached)...
2026-01-16 15:01:40,989 - INFO - Discovering Funds...
2026-01-16 15:01:44,002 - INFO - Found 5 candidates.
2026-01-16 15:01:50,611 - INFO - Saving 2 results to DB...
2026-01-16 15:01:50,616 - INFO - Audit Finished Successfully.
2026-01-16 15:05:26,570 - INFO - Starting Fortress Discovery Audit at 2026-01-16 15:05:26...
2026-01-16 15:05:26,575 - INFO - Fetching Benchmarks (Cached)...
2026-01-16 15:05:26,846 - INFO - Discovering Funds...
2026-01-16 15:05:29,899 - INFO - Found 5 candidates.
2026-01-16 15:05:36,661 - INFO - Saving 5 results to DB...
2026-01-16 15:05:36,679 - INFO - Audit Finished Successfully.
2026-01-16 15:07:31,658 - INFO - Starting Fortress Discovery Audit at 2026-01-16 15:07:31...
2026-01-16 15:07:31,662 - INFO - Fetching Benchmarks (Cached)...
2026-01-16 15:07:31,926 - INFO - Discovering Funds...
2026-01-16 15:07:34,772 - INFO - Found 5 candidates.
2026-01-16 15:07:41,461 - INFO - Saving 5 results to DB...
2026-01-16 15:07:41,478 - INFO - Audit Finished Successfully.
2026-01-16 15:12:06,129 - INFO - Starting Fortress Discovery Audit at 2026-01-16 15:12:06...
2026-01-16 15:12:06,138 - INFO - Fetching Benchmarks (Cached)...
2026-01-16 15:12:06,405 - INFO - Discovering Funds...
2026-01-16 15:12:09,187 - INFO - Found 5 candidates.
2026-01-16 15:12:16,027 - INFO - Saving 5 results to DB...
2026-01-16 15:12:16,041 - INFO - Audit Finished Successfully.
2026-01-16 15:17:28,446 - INFO - Starting Fortress Discovery Audit at 2026-01-16 15:17:28...
2026-01-16 15:17:28,450 - INFO - Fetching Benchmarks (Cached)...
2026-01-16 15:17:28,805 - INFO - Discovering Funds...
2026-01-16 15:17:31,863 - INFO - Found 5 candidates.
2026-01-16 15:17:34,633 - ERROR - Failed to process Quantum Liquid Fund - Direct Plan Growth Option: 'type'
2026-01-16 15:17:37,212 - ERROR - Failed to process IDBI Dynamic Bond Fund Growth Direct: 'type'
2026-01-16 15:17:38,521 - INFO - Saving 5 results to DB...
2026-01-16 15:17:38,538 - INFO - Audit Finished Successfully.
